<?xml version="1.0" encoding="UTF-8"?>
<testng-results ignored="0" total="1" passed="1" failed="0" skipped="0">
  <reporter-output>
  </reporter-output>
  <suite started-at="2023-04-25T16:54:38 IST" name="Default suite" finished-at="2023-04-25T16:54:38 IST" duration-ms="49">
    <groups>
    </groups>
    <test started-at="2023-04-25T16:54:38 IST" name="Default test" finished-at="2023-04-25T16:54:38 IST" duration-ms="49">
      <class name="jenkins.Jenkinsex">
        <test-method signature="method()[pri:0, instance:jenkins.Jenkinsex@a2431d0]" started-at="2023-04-25T16:54:38 IST" name="method" finished-at="2023-04-25T16:54:38 IST" duration-ms="9" status="PASS">
          <reporter-output>
          </reporter-output>
        </test-method> <!-- method -->
      </class> <!-- jenkins.Jenkinsex -->
    </test> <!-- Default test -->
  </suite> <!-- Default suite -->
</testng-results>
